<?xml version="1.0" encoding="UTF-8"?>
<!-- Generated by org.testng.reporters.JUnitReportReporter -->
<testsuite hostname="IBM-Testing05" name="com.messages.Message_Testng" tests="13" failures="0" timestamp="7 Jul 2018 16:08:45 GMT" time="38.397" errors="0">
  <testcase name="grp_check" time="8.708" classname="com.messages.Message_Testng"/>
  <testcase name="select_all_btn" time="0.248" classname="com.messages.Message_Testng"/>
  <testcase name="appropriate_cat_msg" time="1.017" classname="com.messages.Message_Testng"/>
  <testcase name="search_inbox" time="0.478" classname="com.messages.Message_Testng"/>
  <testcase name="select_none_btn" time="0.218" classname="com.messages.Message_Testng"/>
  <testcase name="reply_btn" time="3.201" classname="com.messages.Message_Testng"/>
  <testcase name="login" time="14.255" classname="com.messages.Message_Testng"/>
  <testcase name="msg_start" time="1.093" classname="com.messages.Message_Testng"/>
  <testcase name="validation" time="0.277" classname="com.messages.Message_Testng"/>
  <testcase name="trash_select" time="1.131" classname="com.messages.Message_Testng"/>
  <testcase name="sub_msg_display" time="0.786" classname="com.messages.Message_Testng"/>
  <testcase name="sent_select" time="0.922" classname="com.messages.Message_Testng"/>
  <testcase name="new_msg" time="6.063" classname="com.messages.Message_Testng"/>
</testsuite> <!-- com.messages.Message_Testng -->
