<?xml version="1.0" encoding="UTF-8"?>
<!-- Generated by org.testng.reporters.JUnitReportReporter -->
<testsuite hostname="IBM-Testing04" name="com.banking_alerts.TestAlerts_History" tests="20" failures="0" timestamp="9 Jul 2018 18:31:35 GMT" time="29.255" errors="0">
  <testcase name="mem_alerts" time="2.300" classname="com.banking_alerts.TestAlerts_History"/>
  <testcase name="date_To_check" time="0.132" classname="com.banking_alerts.TestAlerts_History"/>
  <testcase name="loginDetail" time="1.911" classname="com.banking_alerts.TestAlerts_History"/>
  <testcase name="accept_To_Number" time="0.332" classname="com.banking_alerts.TestAlerts_History"/>
  <testcase name="all_System_Alerts_Are_Displayed" time="1.447" classname="com.banking_alerts.TestAlerts_History"/>
  <testcase name="sys_Alerts" time="2.370" classname="com.banking_alerts.TestAlerts_History"/>
  <testcase name="accept_From_Date" time="0.277" classname="com.banking_alerts.TestAlerts_History"/>
  <testcase name="browserLunch" time="6.655" classname="com.banking_alerts.TestAlerts_History"/>
  <testcase name="select_All_Checkbox" time="0.578" classname="com.banking_alerts.TestAlerts_History"/>
  <testcase name="input_Using_Calender" time="0.404" classname="com.banking_alerts.TestAlerts_History"/>
  <testcase name="all_Member_Alerts_Are_Displayed" time="1.452" classname="com.banking_alerts.TestAlerts_History"/>
  <testcase name="alerts_history" time="0.752" classname="com.banking_alerts.TestAlerts_History"/>
  <testcase name="delete_sys_alerts" time="2.148" classname="com.banking_alerts.TestAlerts_History"/>
  <testcase name="deselect_all_checkbox" time="0.309" classname="com.banking_alerts.TestAlerts_History"/>
  <testcase name="date_From_check" time="0.165" classname="com.banking_alerts.TestAlerts_History"/>
  <testcase name="delete_mem_Alerts" time="3.620" classname="com.banking_alerts.TestAlerts_History"/>
  <testcase name="mem_Profile" time="3.417" classname="com.banking_alerts.TestAlerts_History"/>
  <testcase name="accept_To_Date" time="0.143" classname="com.banking_alerts.TestAlerts_History"/>
  <testcase name="System_0r_member" time="0.465" classname="com.banking_alerts.TestAlerts_History"/>
  <testcase name="accept_From_Number" time="0.378" classname="com.banking_alerts.TestAlerts_History"/>
</testsuite> <!-- com.banking_alerts.TestAlerts_History -->
