<?xml version="1.0" encoding="UTF-8"?>
<!-- Generated by org.testng.reporters.JUnitReportReporter -->
<testsuite hostname="IBM-Testing04" name="com.Login_Page.TestLogin" tests="10" failures="0" timestamp="9 Jul 2018 18:18:29 GMT" time="10.671" errors="0">
  <testcase name="url" time="6.319" classname="com.Login_Page.TestLogin"/>
  <testcase name="password" time="0.867" classname="com.Login_Page.TestLogin"/>
  <testcase name="noSpecial" time="0.001" classname="com.Login_Page.TestLogin"/>
  <testcase name="length" time="0.001" classname="com.Login_Page.TestLogin"/>
  <testcase name="capslock" time="1.590" classname="com.Login_Page.TestLogin"/>
  <testcase name="clear" time="0.335" classname="com.Login_Page.TestLogin"/>
  <testcase name="homepage" time="0.056" classname="com.Login_Page.TestLogin"/>
  <testcase name="noNumeric" time="0.001" classname="com.Login_Page.TestLogin"/>
  <testcase name="submit" time="1.312" classname="com.Login_Page.TestLogin"/>
  <testcase name="username" time="0.189" classname="com.Login_Page.TestLogin"/>
</testsuite> <!-- com.Login_Page.TestLogin -->
