<?xml version="1.0" encoding="UTF-8"?>
<!-- Generated by org.testng.reporters.JUnitReportReporter -->
<testsuite hostname="IBM-Testing04" name="com.PersonalPage.TestBanking" tests="11" failures="0" timestamp="9 Jul 2018 18:20:06 GMT" time="13.797" errors="0">
  <testcase name="AdminNameEmailValidate" time="0.241" classname="com.PersonalPage.TestBanking"/>
  <testcase name="FullNameValidate" time="0.217" classname="com.PersonalPage.TestBanking"/>
  <testcase name="ValidateAdminLoginName" time="0.979" classname="com.PersonalPage.TestBanking"/>
  <testcase name="confirmPasswordValidate" time="0.082" classname="com.PersonalPage.TestBanking"/>
  <testcase name="submitValidate" time="1.457" classname="com.PersonalPage.TestBanking"/>
  <testcase name="oldPasswordvalidate" time="0.934" classname="com.PersonalPage.TestBanking"/>
  <testcase name="emailValidate" time="0.207" classname="com.PersonalPage.TestBanking"/>
  <testcase name="newPassword" time="0.094" classname="com.PersonalPage.TestBanking"/>
  <testcase name="passwordSubmitValidate" time="2.271" classname="com.PersonalPage.TestBanking"/>
  <testcase name="login" time="6.849" classname="com.PersonalPage.TestBanking"/>
  <testcase name="ChangeButtonValidation" time="0.466" classname="com.PersonalPage.TestBanking"/>
</testsuite> <!-- com.PersonalPage.TestBanking -->
